Using pre-set license
Built from '2020.3/release' branch; Version is '2020.3.1f1 (77a89f25062f) revision 7841951'; Using compiler version '192528614'; Build Type 'Release'
OS: 'Windows 10 Home; OS build 19042.867; Version 2009; 64bit' Language: 'en' Physical Memory: 32687 MB
BatchMode: 1, IsHumanControllingUs: 0, StartBugReporterOnCrash: 0, Is64bit: 1, IsPro: 0

 COMMAND LINE ARGUMENTS:
C:\Program Files\Unity\Hub\Editor\2020.3.1f1\Editor\Unity.exe
-adb2
-batchMode
-noUpm
-name
AssetImportWorker0
-projectPath
C:/Users/EdenA/OneDrive/Documents/Shenkar/Unity/Unity Projects/Type Trivia/Type-Trivia
-logFile
Logs/AssetImportWorker0.log
-srvPort
60733
Successfully changed project path to: C:/Users/EdenA/OneDrive/Documents/Shenkar/Unity/Unity Projects/Type Trivia/Type-Trivia
C:/Users/EdenA/OneDrive/Documents/Shenkar/Unity/Unity Projects/Type Trivia/Type-Trivia
Using Asset Import Pipeline V2.
Refreshing native plugins compatible for Editor in 24.57 ms, found 0 plugins.
Preloading 0 native plugins for Editor in 0.00 ms.
Initialize engine version: 2020.3.1f1 (77a89f25062f)
[Subsystems] Discovering subsystems at path C:/Program Files/Unity/Hub/Editor/2020.3.1f1/Editor/Data/Resources/UnitySubsystems
[Subsystems] Discovering subsystems at path C:/Users/EdenA/OneDrive/Documents/Shenkar/Unity/Unity Projects/Type Trivia/Type-Trivia/Assets
GfxDevice: creating device client; threaded=0
Direct3D:
    Version:  Direct3D 11.0 [level 11.1]
    Renderer: NVIDIA GeForce RTX 2060 (ID=0x1f11)
    Vendor:   
    VRAM:     5980 MB
    Driver:   27.21.14.6192
Initialize mono
Mono path[0] = 'C:/Program Files/Unity/Hub/Editor/2020.3.1f1/Editor/Data/Managed'
Mono path[1] = 'C:/Program Files/Unity/Hub/Editor/2020.3.1f1/Editor/Data/MonoBleedingEdge/lib/mono/unityjit'
Mono config path = 'C:/Program Files/Unity/Hub/Editor/2020.3.1f1/Editor/Data/MonoBleedingEdge/etc'
Using monoOptions --debugger-agent=transport=dt_socket,embedding=1,server=y,suspend=n,address=127.0.0.1:56712
Begin MonoManager ReloadAssembly
Registering precompiled unity dll's ...
Register platform support module: C:/Program Files/Unity/Hub/Editor/2020.3.1f1/Editor/Data/PlaybackEngines/WindowsStandaloneSupport/UnityEditor.WindowsStandalone.Extensions.dll
Registered in 0.002116 seconds.
Native extension for WindowsStandalone target not found
Refreshing native plugins compatible for Editor in 25.90 ms, found 0 plugins.
Preloading 0 native plugins for Editor in 0.00 ms.
Invoked RoslynAnalysisRunner static constructor.
RoslynAnalysisRunner will not be running.
RoslynAnalysisRunner has terminated.
Mono: successfully reloaded assembly
- Completed reload, in  1.634 seconds
Platform modules already initialized, skipping
Registering precompiled user dll's ...
Registered in 0.000766 seconds.
Begin MonoManager ReloadAssembly
Native extension for WindowsStandalone target not found
Refreshing native plugins compatible for Editor in 0.22 ms, found 0 plugins.
Preloading 0 native plugins for Editor in 0.00 ms.
Invoked RoslynAnalysisRunner static constructor.
RoslynAnalysisRunner will not be running.
RoslynAnalysisRunner has terminated.
Mono: successfully reloaded assembly
- Completed reload, in  0.782 seconds
Platform modules already initialized, skipping
========================================================================
Worker process is ready to serve import requests
Launched and connected shader compiler UnityShaderCompiler.exe after 0.05 seconds
Refreshing native plugins compatible for Editor in 0.29 ms, found 0 plugins.
Preloading 0 native plugins for Editor in 0.00 ms.
Unloading 1368 Unused Serialized files (Serialized files now loaded: 0)
System memory in use before: 66.7 MB.
System memory in use after: 66.8 MB.

Unloading 11 unused Assets to reduce memory usage. Loaded Objects now: 1811.
Total: 2.078500 ms (FindLiveObjects: 0.157200 ms CreateObjectMapping: 0.056600 ms MarkObjects: 1.778700 ms  DeleteObjects: 0.084600 ms)

========================================================================
Received Import Request.
  path: Assets/FarlandSkies
  artifactKey: Guid(74612554f72e2cf46a60080abb1073dd) Importer(815301076,1909f56bfc062723c751e8b465ee728b)
Start importing Assets/FarlandSkies using Guid(74612554f72e2cf46a60080abb1073dd) Importer(815301076,1909f56bfc062723c751e8b465ee728b)  -> (artifact id: '2d8cc5290fc3e840913fd28dda4b7e25') in 0.006588 seconds
  Import took 0.009591 seconds .

========================================================================
Received Import Request.
  Time since last request: 0.000288 seconds.
  path: Assets/FarlandSkies/Skyboxes/CloudyCrown_02_Evening
  artifactKey: Guid(16d938f89ad8ac349a0d44a6124db315) Importer(815301076,1909f56bfc062723c751e8b465ee728b)
Start importing Assets/FarlandSkies/Skyboxes/CloudyCrown_02_Evening using Guid(16d938f89ad8ac349a0d44a6124db315) Importer(815301076,1909f56bfc062723c751e8b465ee728b)  -> (artifact id: '4d386f87fe630254ec98dafa373d2705') in 0.003945 seconds
  Import took 0.007302 seconds .

========================================================================
Received Import Request.
  Time since last request: 0.000350 seconds.
  path: Assets/FarlandSkies/Skyboxes
  artifactKey: Guid(c130f5e5b12752b41a3ca95f11a49efd) Importer(815301076,1909f56bfc062723c751e8b465ee728b)
Start importing Assets/FarlandSkies/Skyboxes using Guid(c130f5e5b12752b41a3ca95f11a49efd) Importer(815301076,1909f56bfc062723c751e8b465ee728b)  -> (artifact id: 'b31ee5044d1a902852f34cbd1881617e') in 0.003980 seconds
  Import took 0.006906 seconds .

========================================================================
Received Import Request.
  Time since last request: 1.406206 seconds.
  path: Assets/FarlandSkies/Skyboxes/CloudyCrown_01_Midday
  artifactKey: Guid(52662b578ff18034aa89fddf59405d22) Importer(815301076,1909f56bfc062723c751e8b465ee728b)
Start importing Assets/FarlandSkies/Skyboxes/CloudyCrown_01_Midday using Guid(52662b578ff18034aa89fddf59405d22) Importer(815301076,1909f56bfc062723c751e8b465ee728b)  -> (artifact id: 'f5580b885c4256ffe3159d159ead201d') in 0.002524 seconds
  Import took 0.004778 seconds .

========================================================================
Received Prepare
Registering precompiled user dll's ...
Registered in 0.000683 seconds.
Begin MonoManager ReloadAssembly
Native extension for WindowsStandalone target not found
Refreshing native plugins compatible for Editor in 0.34 ms, found 0 plugins.
Preloading 0 native plugins for Editor in 0.00 ms.
Invoked RoslynAnalysisRunner static constructor.
RoslynAnalysisRunner will not be running.
RoslynAnalysisRunner has terminated.
Mono: successfully reloaded assembly
- Completed reload, in  0.753 seconds
Platform modules already initialized, skipping
Switching build target platform(5) subTarget(0) extendedPlatform(0) -> platform(13) subTarget(537395200) extendedPlatform(0)
Refreshing native plugins compatible for Editor in 0.22 ms, found 0 plugins.
Preloading 0 native plugins for Editor in 0.00 ms.
Unloading 1352 Unused Serialized files (Serialized files now loaded: 0)
System memory in use before: 65.2 MB.
System memory in use after: 65.3 MB.

Unloading 6 unused Assets to reduce memory usage. Loaded Objects now: 1815.
Total: 5.366900 ms (FindLiveObjects: 0.376900 ms CreateObjectMapping: 0.128100 ms MarkObjects: 4.759500 ms  DeleteObjects: 0.100000 ms)

AssetImportParameters requested are different than current active one (requested -> active):
  custom:graphics/normal-map-encoding: 01000000000000000000000000000000 -> 02000000000000000000000000000000
========================================================================
Received Import Request.
  Time since last request: 15.199279 seconds.
  path: Assets/FarlandSkies/Skyboxes/CloudyCrown_03_Midnight
  artifactKey: Guid(9d429d9e182f0664f95c11b57a416b9a) Importer(815301076,1909f56bfc062723c751e8b465ee728b)
Start importing Assets/FarlandSkies/Skyboxes/CloudyCrown_03_Midnight using Guid(9d429d9e182f0664f95c11b57a416b9a) Importer(815301076,1909f56bfc062723c751e8b465ee728b)  -> (artifact id: 'd7a638b3df6c8e022b3ef3b258f93df0') in 0.004302 seconds
  Import took 0.006717 seconds .

========================================================================
Received Prepare
Registering precompiled user dll's ...
Registered in 0.000840 seconds.
Begin MonoManager ReloadAssembly
Native extension for WindowsStandalone target not found
Refreshing native plugins compatible for Editor in 0.23 ms, found 0 plugins.
Preloading 0 native plugins for Editor in 0.00 ms.
Invoked RoslynAnalysisRunner static constructor.
RoslynAnalysisRunner will not be running.
RoslynAnalysisRunner has terminated.
Mono: successfully reloaded assembly
- Completed reload, in  0.755 seconds
Platform modules already initialized, skipping
Switching build target platform(5) subTarget(0) extendedPlatform(0) -> platform(13) subTarget(537395200) extendedPlatform(0)
Refreshing native plugins compatible for Editor in 0.22 ms, found 0 plugins.
Preloading 0 native plugins for Editor in 0.00 ms.
Unloading 1351 Unused Serialized files (Serialized files now loaded: 0)
System memory in use before: 65.2 MB.
System memory in use after: 65.3 MB.

Unloading 6 unused Assets to reduce memory usage. Loaded Objects now: 1818.
Total: 1.958800 ms (FindLiveObjects: 0.245500 ms CreateObjectMapping: 0.065900 ms MarkObjects: 1.598000 ms  DeleteObjects: 0.048200 ms)

AssetImportParameters requested are different than current active one (requested -> active):
  custom:graphics/normal-map-encoding: 01000000000000000000000000000000 -> 02000000000000000000000000000000
========================================================================
Received Prepare
Refreshing native plugins compatible for Editor in 1.26 ms, found 0 plugins.
Preloading 0 native plugins for Editor in 0.00 ms.
Unloading 3 Unused Serialized files (Serialized files now loaded: 0)
System memory in use before: 38.4 MB.
System memory in use after: 38.5 MB.

Unloading 3 unused Assets to reduce memory usage. Loaded Objects now: 1818.
Total: 2.834300 ms (FindLiveObjects: 0.502600 ms CreateObjectMapping: 0.088200 ms MarkObjects: 2.172200 ms  DeleteObjects: 0.069400 ms)

========================================================================
Received Prepare
Refreshing native plugins compatible for Editor in 0.80 ms, found 0 plugins.
Preloading 0 native plugins for Editor in 0.00 ms.
Unloading 3 Unused Serialized files (Serialized files now loaded: 0)
System memory in use before: 38.4 MB.
System memory in use after: 38.5 MB.

Unloading 3 unused Assets to reduce memory usage. Loaded Objects now: 1818.
Total: 2.627300 ms (FindLiveObjects: 0.423100 ms CreateObjectMapping: 0.083000 ms MarkObjects: 2.063500 ms  DeleteObjects: 0.055500 ms)

========================================================================
Received Prepare
Refreshing native plugins compatible for Editor in 1.22 ms, found 0 plugins.
Preloading 0 native plugins for Editor in 0.00 ms.
Unloading 3 Unused Serialized files (Serialized files now loaded: 0)
System memory in use before: 38.4 MB.
System memory in use after: 38.5 MB.

Unloading 3 unused Assets to reduce memory usage. Loaded Objects now: 1818.
Total: 3.594400 ms (FindLiveObjects: 0.264700 ms CreateObjectMapping: 0.077500 ms MarkObjects: 3.103500 ms  DeleteObjects: 0.146500 ms)

========================================================================
Received Prepare
Refreshing native plugins compatible for Editor in 1.12 ms, found 0 plugins.
Preloading 0 native plugins for Editor in 0.00 ms.
Unloading 3 Unused Serialized files (Serialized files now loaded: 0)
System memory in use before: 38.4 MB.
System memory in use after: 38.5 MB.

Unloading 3 unused Assets to reduce memory usage. Loaded Objects now: 1818.
Total: 2.649000 ms (FindLiveObjects: 0.174200 ms CreateObjectMapping: 0.055200 ms MarkObjects: 2.347100 ms  DeleteObjects: 0.071500 ms)

========================================================================
Received Import Request.
  Time since last request: 1022.846053 seconds.
  path: Assets/Type Trivia/Scripts
  artifactKey: Guid(a9a637004a739614ca866b2c90d165bb) Importer(815301076,1909f56bfc062723c751e8b465ee728b)
Start importing Assets/Type Trivia/Scripts using Guid(a9a637004a739614ca866b2c90d165bb) Importer(815301076,1909f56bfc062723c751e8b465ee728b)  -> (artifact id: '98081f3067af158cbaedab3ba9c107c5') in 0.007920 seconds
  Import took 0.010921 seconds .

========================================================================
Received Import Request.
  Time since last request: 0.000708 seconds.
  path: Assets/Type Trivia/Scripts
  artifactKey: Guid(a9a637004a739614ca866b2c90d165bb) Importer(815301076,1909f56bfc062723c751e8b465ee728b)
Start importing Assets/Type Trivia/Scripts using Guid(a9a637004a739614ca866b2c90d165bb) Importer(815301076,1909f56bfc062723c751e8b465ee728b)  -> (artifact id: '98081f3067af158cbaedab3ba9c107c5') in 0.001895 seconds
  Import took 0.003754 seconds .

========================================================================
Received Import Request.
  Time since last request: 7.950085 seconds.
  path: Assets/Type Trivia/Scripts/OpenKeyboard.cs
  artifactKey: Guid(c53717275776d9744ace8831ed298f52) Importer(815301076,1909f56bfc062723c751e8b465ee728b)
Start importing Assets/Type Trivia/Scripts/OpenKeyboard.cs using Guid(c53717275776d9744ace8831ed298f52) Importer(815301076,1909f56bfc062723c751e8b465ee728b)  -> (artifact id: '9460171697de7e38eeab814a8b77623d') in 0.023460 seconds
  Import took 0.025771 seconds .

========================================================================
Received Prepare
Registering precompiled user dll's ...
Registered in 0.000888 seconds.
Begin MonoManager ReloadAssembly
Native extension for WindowsStandalone target not found
Refreshing native plugins compatible for Editor in 0.70 ms, found 0 plugins.
Preloading 0 native plugins for Editor in 0.00 ms.
Invoked RoslynAnalysisRunner static constructor.
RoslynAnalysisRunner will not be running.
RoslynAnalysisRunner has terminated.
Mono: successfully reloaded assembly
- Completed reload, in  1.374 seconds
Platform modules already initialized, skipping
Switching build target platform(5) subTarget(0) extendedPlatform(0) -> platform(13) subTarget(537395200) extendedPlatform(0)
Refreshing native plugins compatible for Editor in 0.42 ms, found 0 plugins.
Preloading 0 native plugins for Editor in 0.00 ms.
Unloading 1352 Unused Serialized files (Serialized files now loaded: 0)
System memory in use before: 65.3 MB.
System memory in use after: 65.3 MB.

Unloading 6 unused Assets to reduce memory usage. Loaded Objects now: 1822.
Total: 6.746600 ms (FindLiveObjects: 2.648600 ms CreateObjectMapping: 0.143400 ms MarkObjects: 3.864700 ms  DeleteObjects: 0.088000 ms)

AssetImportParameters requested are different than current active one (requested -> active):
  custom:graphics/normal-map-encoding: 01000000000000000000000000000000 -> 02000000000000000000000000000000
========================================================================
Received Import Request.
  Time since last request: 111.737001 seconds.
  path: Assets/Type Trivia/Scripts/OpenKeyboard.cs
  artifactKey: Guid(c53717275776d9744ace8831ed298f52) Importer(815301076,1909f56bfc062723c751e8b465ee728b)
Start importing Assets/Type Trivia/Scripts/OpenKeyboard.cs using Guid(c53717275776d9744ace8831ed298f52) Importer(815301076,1909f56bfc062723c751e8b465ee728b)  -> (artifact id: '2fe9f4ac74f1da63431636326de34252') in 0.006190 seconds
  Import took 0.009883 seconds .

========================================================================
Received Prepare
Registering precompiled user dll's ...
Registered in 0.000719 seconds.
Begin MonoManager ReloadAssembly
Native extension for WindowsStandalone target not found
Refreshing native plugins compatible for Editor in 0.26 ms, found 0 plugins.
Preloading 0 native plugins for Editor in 0.00 ms.
Invoked RoslynAnalysisRunner static constructor.
RoslynAnalysisRunner will not be running.
RoslynAnalysisRunner has terminated.
Mono: successfully reloaded assembly
- Completed reload, in  0.869 seconds
Platform modules already initialized, skipping
Switching build target platform(5) subTarget(0) extendedPlatform(0) -> platform(13) subTarget(537395200) extendedPlatform(0)
Refreshing native plugins compatible for Editor in 0.23 ms, found 0 plugins.
Preloading 0 native plugins for Editor in 0.00 ms.
Unloading 1352 Unused Serialized files (Serialized files now loaded: 0)
System memory in use before: 65.3 MB.
System memory in use after: 65.3 MB.

Unloading 6 unused Assets to reduce memory usage. Loaded Objects now: 1825.
Total: 1.792600 ms (FindLiveObjects: 0.146300 ms CreateObjectMapping: 0.040400 ms MarkObjects: 1.558200 ms  DeleteObjects: 0.046800 ms)

AssetImportParameters requested are different than current active one (requested -> active):
  custom:graphics/normal-map-encoding: 01000000000000000000000000000000 -> 02000000000000000000000000000000
========================================================================
Received Prepare
Registering precompiled user dll's ...
Registered in 0.001103 seconds.
Begin MonoManager ReloadAssembly
Native extension for WindowsStandalone target not found
Refreshing native plugins compatible for Editor in 0.36 ms, found 0 plugins.
Preloading 0 native plugins for Editor in 0.00 ms.
Invoked RoslynAnalysisRunner static constructor.
RoslynAnalysisRunner will not be running.
RoslynAnalysisRunner has terminated.
Mono: successfully reloaded assembly
- Completed reload, in  0.874 seconds
Platform modules already initialized, skipping
Switching build target platform(5) subTarget(0) extendedPlatform(0) -> platform(13) subTarget(537395200) extendedPlatform(0)
Refreshing native plugins compatible for Editor in 0.22 ms, found 0 plugins.
Preloading 0 native plugins for Editor in 0.00 ms.
Unloading 1352 Unused Serialized files (Serialized files now loaded: 0)
System memory in use before: 65.3 MB.
System memory in use after: 65.4 MB.

Unloading 6 unused Assets to reduce memory usage. Loaded Objects now: 1828.
Total: 2.255600 ms (FindLiveObjects: 0.664600 ms CreateObjectMapping: 0.054700 ms MarkObjects: 1.488300 ms  DeleteObjects: 0.047200 ms)

AssetImportParameters requested are different than current active one (requested -> active):
  custom:graphics/normal-map-encoding: 01000000000000000000000000000000 -> 02000000000000000000000000000000
========================================================================
Received Prepare
Registering precompiled user dll's ...
Registered in 0.000735 seconds.
Begin MonoManager ReloadAssembly
Native extension for WindowsStandalone target not found
Refreshing native plugins compatible for Editor in 0.23 ms, found 0 plugins.
Preloading 0 native plugins for Editor in 0.00 ms.
Invoked RoslynAnalysisRunner static constructor.
RoslynAnalysisRunner will not be running.
RoslynAnalysisRunner has terminated.
Mono: successfully reloaded assembly
- Completed reload, in  0.879 seconds
Platform modules already initialized, skipping
Switching build target platform(5) subTarget(0) extendedPlatform(0) -> platform(13) subTarget(537395200) extendedPlatform(0)
Refreshing native plugins compatible for Editor in 0.22 ms, found 0 plugins.
Preloading 0 native plugins for Editor in 0.00 ms.
Unloading 1352 Unused Serialized files (Serialized files now loaded: 0)
System memory in use before: 65.3 MB.
System memory in use after: 65.4 MB.

Unloading 6 unused Assets to reduce memory usage. Loaded Objects now: 1831.
Total: 1.652300 ms (FindLiveObjects: 0.140400 ms CreateObjectMapping: 0.044300 ms MarkObjects: 1.419400 ms  DeleteObjects: 0.047500 ms)

AssetImportParameters requested are different than current active one (requested -> active):
  custom:graphics/normal-map-encoding: 01000000000000000000000000000000 -> 02000000000000000000000000000000
========================================================================
Received Prepare
Registering precompiled user dll's ...
Registered in 0.000732 seconds.
Begin MonoManager ReloadAssembly
Native extension for WindowsStandalone target not found
Refreshing native plugins compatible for Editor in 0.23 ms, found 0 plugins.
Preloading 0 native plugins for Editor in 0.00 ms.
Invoked RoslynAnalysisRunner static constructor.
RoslynAnalysisRunner will not be running.
RoslynAnalysisRunner has terminated.
Mono: successfully reloaded assembly
- Completed reload, in  0.807 seconds
Platform modules already initialized, skipping
Switching build target platform(5) subTarget(0) extendedPlatform(0) -> platform(13) subTarget(537395200) extendedPlatform(0)
Refreshing native plugins compatible for Editor in 0.23 ms, found 0 plugins.
Preloading 0 native plugins for Editor in 0.00 ms.
Unloading 1352 Unused Serialized files (Serialized files now loaded: 0)
System memory in use before: 65.3 MB.
System memory in use after: 65.4 MB.

Unloading 6 unused Assets to reduce memory usage. Loaded Objects now: 1834.
Total: 1.982500 ms (FindLiveObjects: 0.223700 ms CreateObjectMapping: 0.078200 ms MarkObjects: 1.633900 ms  DeleteObjects: 0.045800 ms)

AssetImportParameters requested are different than current active one (requested -> active):
  custom:graphics/normal-map-encoding: 01000000000000000000000000000000 -> 02000000000000000000000000000000
========================================================================
Received Prepare
Refreshing native plugins compatible for Editor in 1.39 ms, found 0 plugins.
Preloading 0 native plugins for Editor in 0.00 ms.
Unloading 3 Unused Serialized files (Serialized files now loaded: 0)
System memory in use before: 38.5 MB.
System memory in use after: 38.6 MB.

Unloading 3 unused Assets to reduce memory usage. Loaded Objects now: 1834.
Total: 2.798800 ms (FindLiveObjects: 0.239600 ms CreateObjectMapping: 0.084200 ms MarkObjects: 2.411100 ms  DeleteObjects: 0.062600 ms)

========================================================================
Received Prepare
Registering precompiled user dll's ...
Registered in 0.000737 seconds.
Begin MonoManager ReloadAssembly
Native extension for WindowsStandalone target not found
Refreshing native plugins compatible for Editor in 0.23 ms, found 0 plugins.
Preloading 0 native plugins for Editor in 0.00 ms.
Invoked RoslynAnalysisRunner static constructor.
RoslynAnalysisRunner will not be running.
RoslynAnalysisRunner has terminated.
Mono: successfully reloaded assembly
- Completed reload, in  0.859 seconds
Platform modules already initialized, skipping
Switching build target platform(5) subTarget(0) extendedPlatform(0) -> platform(13) subTarget(537395200) extendedPlatform(0)
Refreshing native plugins compatible for Editor in 0.22 ms, found 0 plugins.
Preloading 0 native plugins for Editor in 0.00 ms.
Unloading 1352 Unused Serialized files (Serialized files now loaded: 0)
System memory in use before: 65.3 MB.
System memory in use after: 65.4 MB.

Unloading 6 unused Assets to reduce memory usage. Loaded Objects now: 1837.
Total: 1.899000 ms (FindLiveObjects: 0.167000 ms CreateObjectMapping: 0.044800 ms MarkObjects: 1.628700 ms  DeleteObjects: 0.057300 ms)

AssetImportParameters requested are different than current active one (requested -> active):
  custom:graphics/normal-map-encoding: 01000000000000000000000000000000 -> 02000000000000000000000000000000
========================================================================
Received Prepare
Refreshing native plugins compatible for Editor in 2.14 ms, found 0 plugins.
Preloading 0 native plugins for Editor in 0.00 ms.
Unloading 3 Unused Serialized files (Serialized files now loaded: 0)
System memory in use before: 38.5 MB.
System memory in use after: 38.6 MB.

Unloading 3 unused Assets to reduce memory usage. Loaded Objects now: 1837.
Total: 2.181200 ms (FindLiveObjects: 0.357400 ms CreateObjectMapping: 0.098100 ms MarkObjects: 1.641800 ms  DeleteObjects: 0.081900 ms)

========================================================================
Received Import Request.
  Time since last request: 666.814736 seconds.
  path: Assets/TextMesh Pro/Resources/Fonts & Materials/Roboto-Thin.ttf
  artifactKey: Guid(ac16517bc0a9c4449aa2de392126fadd) Importer(815301076,1909f56bfc062723c751e8b465ee728b)
Start importing Assets/TextMesh Pro/Resources/Fonts & Materials/Roboto-Thin.ttf using Guid(ac16517bc0a9c4449aa2de392126fadd) Importer(815301076,1909f56bfc062723c751e8b465ee728b)  -> (artifact id: '2e25f0d6deec5fcb66219b8c9a14b6bd') in 0.095863 seconds
  Import took 0.098765 seconds .

========================================================================
Received Prepare
Refreshing native plugins compatible for Editor in 0.94 ms, found 0 plugins.
Preloading 0 native plugins for Editor in 0.00 ms.
Unloading 3 Unused Serialized files (Serialized files now loaded: 0)
System memory in use before: 42.2 MB.
System memory in use after: 42.3 MB.

Unloading 3 unused Assets to reduce memory usage. Loaded Objects now: 1881.
Total: 3.771900 ms (FindLiveObjects: 0.233800 ms CreateObjectMapping: 0.090500 ms MarkObjects: 3.370400 ms  DeleteObjects: 0.075400 ms)

========================================================================
Received Import Request.
  Time since last request: 790.769749 seconds.
  path: Assets/Type Trivia/Scripts/TxtFieldChanger.cs
  artifactKey: Guid(f209283930fc3554f84778de6adf5367) Importer(815301076,1909f56bfc062723c751e8b465ee728b)
Start importing Assets/Type Trivia/Scripts/TxtFieldChanger.cs using Guid(f209283930fc3554f84778de6adf5367) Importer(815301076,1909f56bfc062723c751e8b465ee728b)  -> (artifact id: '2b943c5188dfb350e25b01a277a2680f') in 0.002366 seconds
  Import took 0.004478 seconds .

========================================================================
Received Import Request.
  Time since last request: 0.003238 seconds.
  path: Assets/Type Trivia/Scripts/TxtFieldChanger.cs
  artifactKey: Guid(f209283930fc3554f84778de6adf5367) Importer(815301076,1909f56bfc062723c751e8b465ee728b)
Start importing Assets/Type Trivia/Scripts/TxtFieldChanger.cs using Guid(f209283930fc3554f84778de6adf5367) Importer(815301076,1909f56bfc062723c751e8b465ee728b)  -> (artifact id: '2b943c5188dfb350e25b01a277a2680f') in 0.001905 seconds
  Import took 0.003744 seconds .

========================================================================
Received Prepare
Refreshing native plugins compatible for Editor in 0.79 ms, found 0 plugins.
Preloading 0 native plugins for Editor in 0.00 ms.
Unloading 3 Unused Serialized files (Serialized files now loaded: 0)
System memory in use before: 42.2 MB.
System memory in use after: 42.3 MB.

Unloading 3 unused Assets to reduce memory usage. Loaded Objects now: 1881.
Total: 4.258100 ms (FindLiveObjects: 0.351300 ms CreateObjectMapping: 0.079500 ms MarkObjects: 3.729500 ms  DeleteObjects: 0.095700 ms)

========================================================================
Received Prepare
Registering precompiled user dll's ...
Registered in 0.001403 seconds.
Begin MonoManager ReloadAssembly
Native extension for WindowsStandalone target not found
Refreshing native plugins compatible for Editor in 0.22 ms, found 0 plugins.
Preloading 0 native plugins for Editor in 0.00 ms.
Invoked RoslynAnalysisRunner static constructor.
RoslynAnalysisRunner will not be running.
RoslynAnalysisRunner has terminated.
Mono: successfully reloaded assembly
- Completed reload, in  0.759 seconds
Platform modules already initialized, skipping
Switching build target platform(5) subTarget(0) extendedPlatform(0) -> platform(13) subTarget(537395200) extendedPlatform(0)
Refreshing native plugins compatible for Editor in 0.46 ms, found 0 plugins.
Preloading 0 native plugins for Editor in 0.00 ms.
Unloading 1376 Unused Serialized files (Serialized files now loaded: 0)
System memory in use before: 70.8 MB.
System memory in use after: 70.2 MB.

Unloading 17 unused Assets to reduce memory usage. Loaded Objects now: 1897.
Total: 2.093400 ms (FindLiveObjects: 0.283100 ms CreateObjectMapping: 0.039600 ms MarkObjects: 1.457700 ms  DeleteObjects: 0.311700 ms)

AssetImportParameters requested are different than current active one (requested -> active):
  custom:graphics/normal-map-encoding: 01000000000000000000000000000000 -> 02000000000000000000000000000000
========================================================================
Received Import Request.
  Time since last request: 1287.980459 seconds.
  path: Assets/VLights
  artifactKey: Guid(b0567bdba1ceefa48ab21076560a6f56) Importer(815301076,1909f56bfc062723c751e8b465ee728b)
Start importing Assets/VLights using Guid(b0567bdba1ceefa48ab21076560a6f56) Importer(815301076,1909f56bfc062723c751e8b465ee728b)  -> (artifact id: 'b15e8cd97ca4a9855871acfee1b679f0') in 0.004873 seconds
  Import took 0.007026 seconds .

========================================================================
Received Import Request.
  Time since last request: 2.585877 seconds.
  path: Assets/VLights/Scenes
  artifactKey: Guid(3eca692084c96504c98d4704671e86a1) Importer(815301076,1909f56bfc062723c751e8b465ee728b)
Start importing Assets/VLights/Scenes using Guid(3eca692084c96504c98d4704671e86a1) Importer(815301076,1909f56bfc062723c751e8b465ee728b)  -> (artifact id: 'd889f5502e8d338ae1d941494476e910') in 0.002887 seconds
  Import took 0.005012 seconds .

========================================================================
Received Import Request.
  Time since last request: 1.352059 seconds.
  path: Assets/VLights/Resources
  artifactKey: Guid(24ed739f68a96e245b0f08841a42e55f) Importer(815301076,1909f56bfc062723c751e8b465ee728b)
Start importing Assets/VLights/Resources using Guid(24ed739f68a96e245b0f08841a42e55f) Importer(815301076,1909f56bfc062723c751e8b465ee728b)  -> (artifact id: 'c0a0b359fa3c7c203425efb85f411a61') in 0.006373 seconds
  Import took 0.009435 seconds .

========================================================================
Received Import Request.
  Time since last request: 1.066007 seconds.
  path: Assets/VLights/Resources/VLights
  artifactKey: Guid(0d1ce01046d02744ca94178a3152e3ba) Importer(815301076,1909f56bfc062723c751e8b465ee728b)
Start importing Assets/VLights/Resources/VLights using Guid(0d1ce01046d02744ca94178a3152e3ba) Importer(815301076,1909f56bfc062723c751e8b465ee728b)  -> (artifact id: 'f9367e7f492403c91f8465b576510ab8') in 0.002900 seconds
  Import took 0.005836 seconds .

========================================================================
Received Import Request.
  Time since last request: 4.152644 seconds.
  path: Assets/VLights/Editor
  artifactKey: Guid(023a07862b8e93349a6d30a9463eba7f) Importer(815301076,1909f56bfc062723c751e8b465ee728b)
Start importing Assets/VLights/Editor using Guid(023a07862b8e93349a6d30a9463eba7f) Importer(815301076,1909f56bfc062723c751e8b465ee728b)  -> (artifact id: 'b2fa9e677bb4ab936d446ef64172ca1b') in 0.002636 seconds
  Import took 0.004867 seconds .

========================================================================
Received Import Request.
  Time since last request: 8.574602 seconds.
  path: Assets/VLights/Scenes/solid + smooth fall off.unity
  artifactKey: Guid(b30a7f071d2e743fbb24803200e1367e) Importer(815301076,1909f56bfc062723c751e8b465ee728b)
Start importing Assets/VLights/Scenes/solid + smooth fall off.unity using Guid(b30a7f071d2e743fbb24803200e1367e) Importer(815301076,1909f56bfc062723c751e8b465ee728b)  -> (artifact id: '2205d11be247798d56c73608d4f12cdb') in 0.010770 seconds
  Import took 0.012974 seconds .

========================================================================
Received Import Request.
  Time since last request: 30.569617 seconds.
  path: Assets/VLights/Scenes/high precision buffer.unity
  artifactKey: Guid(dd8485350cfb544c694366b31a6470f9) Importer(815301076,1909f56bfc062723c751e8b465ee728b)
Start importing Assets/VLights/Scenes/high precision buffer.unity using Guid(dd8485350cfb544c694366b31a6470f9) Importer(815301076,1909f56bfc062723c751e8b465ee728b)  -> (artifact id: 'eec9abe6be1b477948878c8856f4096e') in 0.002612 seconds
  Import took 0.004696 seconds .

========================================================================
Received Import Request.
  Time since last request: 33.640051 seconds.
  path: Assets/VLights/Scenes/light area.unity
  artifactKey: Guid(33aecc28af498476d8738bb1581039be) Importer(815301076,1909f56bfc062723c751e8b465ee728b)
Start importing Assets/VLights/Scenes/light area.unity using Guid(33aecc28af498476d8738bb1581039be) Importer(815301076,1909f56bfc062723c751e8b465ee728b)  -> (artifact id: 'e7cb31fe9f1f8ba3d42424d65623d406') in 0.002877 seconds
  Import took 0.004882 seconds .

========================================================================
Received Import Request.
  Time since last request: 7.565124 seconds.
  path: Assets/VLights/Scenes/light attenuation parameters.unity
  artifactKey: Guid(bf05a9ffc06b5c64ea4eba604fcaf133) Importer(815301076,1909f56bfc062723c751e8b465ee728b)
Start importing Assets/VLights/Scenes/light attenuation parameters.unity using Guid(bf05a9ffc06b5c64ea4eba604fcaf133) Importer(815301076,1909f56bfc062723c751e8b465ee728b)  -> (artifact id: '85e59a5dfc315cb1adbc61c961721fe7') in 0.002584 seconds
  Import took 0.004645 seconds .

========================================================================
Received Import Request.
  Time since last request: 29.365588 seconds.
  path: Assets/VLights/Readme.txt
  artifactKey: Guid(25f1dc6bdbdfc481589b6de77adf96ca) Importer(815301076,1909f56bfc062723c751e8b465ee728b)
Start importing Assets/VLights/Readme.txt using Guid(25f1dc6bdbdfc481589b6de77adf96ca) Importer(815301076,1909f56bfc062723c751e8b465ee728b)  -> (artifact id: '4e1c7c16a2e0b00d7e4d7e51c55a2e26') in 0.006658 seconds
  Import took 0.008719 seconds .

========================================================================
Received Import Request.
  Time since last request: 0.000359 seconds.
  path: Assets/VLights/Readme.txt
  artifactKey: Guid(25f1dc6bdbdfc481589b6de77adf96ca) Importer(815301076,1909f56bfc062723c751e8b465ee728b)
Start importing Assets/VLights/Readme.txt using Guid(25f1dc6bdbdfc481589b6de77adf96ca) Importer(815301076,1909f56bfc062723c751e8b465ee728b)  -> (artifact id: '4e1c7c16a2e0b00d7e4d7e51c55a2e26') in 0.002630 seconds
  Import took 0.004858 seconds .

========================================================================
Received Prepare
Registering precompiled user dll's ...
Registered in 0.001348 seconds.
Begin MonoManager ReloadAssembly
Native extension for WindowsStandalone target not found
Refreshing native plugins compatible for Editor in 0.46 ms, found 0 plugins.
Preloading 0 native plugins for Editor in 0.00 ms.
Invoked RoslynAnalysisRunner static constructor.
RoslynAnalysisRunner will not be running.
RoslynAnalysisRunner has terminated.
Mono: successfully reloaded assembly
- Completed reload, in  1.298 seconds
Platform modules already initialized, skipping
Switching build target platform(5) subTarget(0) extendedPlatform(0) -> platform(13) subTarget(537395200) extendedPlatform(0)
Refreshing native plugins compatible for Editor in 0.30 ms, found 0 plugins.
Preloading 0 native plugins for Editor in 0.00 ms.
Unloading 1376 Unused Serialized files (Serialized files now loaded: 0)
System memory in use before: 70.8 MB.
System memory in use after: 70.2 MB.

Unloading 17 unused Assets to reduce memory usage. Loaded Objects now: 1900.
Total: 10.490100 ms (FindLiveObjects: 1.348500 ms CreateObjectMapping: 0.113400 ms MarkObjects: 8.550800 ms  DeleteObjects: 0.475200 ms)

AssetImportParameters requested are different than current active one (requested -> active):
  custom:graphics/normal-map-encoding: 01000000000000000000000000000000 -> 02000000000000000000000000000000
========================================================================
Received Import Request.
  Time since last request: 43.644388 seconds.
  path: Assets/Type Trivia/Scenes/Type Triva 01.unity
  artifactKey: Guid(9fc0d4010bbf28b4594072e72b8655ab) Importer(815301076,1909f56bfc062723c751e8b465ee728b)
Start importing Assets/Type Trivia/Scenes/Type Triva 01.unity using Guid(9fc0d4010bbf28b4594072e72b8655ab) Importer(815301076,1909f56bfc062723c751e8b465ee728b)  -> (artifact id: '5f88280de51fd01056fc9d86a2c5c39a') in 0.013131 seconds
  Import took 0.015969 seconds .

========================================================================
Received Import Request.
  Time since last request: 39.549672 seconds.
  path: ProjectSettings/TagManager.asset
  artifactKey: Guid(00000000000000003000000000000000) Importer(815301076,1909f56bfc062723c751e8b465ee728b)
Start importing ProjectSettings/TagManager.asset using Guid(00000000000000003000000000000000) Importer(815301076,1909f56bfc062723c751e8b465ee728b)  -> (artifact id: '4e1ade904f8483502412a943970edefa') in 0.006368 seconds
  Import took 0.008508 seconds .

========================================================================
Received Import Request.
  Time since last request: 0.000709 seconds.
  path: ProjectSettings/TagManager.asset
  artifactKey: Guid(00000000000000003000000000000000) Importer(815301076,1909f56bfc062723c751e8b465ee728b)
Start importing ProjectSettings/TagManager.asset using Guid(00000000000000003000000000000000) Importer(815301076,1909f56bfc062723c751e8b465ee728b)  -> (artifact id: '4e1ade904f8483502412a943970edefa') in 0.003040 seconds
  Import took 0.004997 seconds .

========================================================================
Received Prepare
Registering precompiled user dll's ...
Registered in 0.000778 seconds.
Begin MonoManager ReloadAssembly
Native extension for WindowsStandalone target not found
Refreshing native plugins compatible for Editor in 0.23 ms, found 0 plugins.
Preloading 0 native plugins for Editor in 0.00 ms.
Invoked RoslynAnalysisRunner static constructor.
RoslynAnalysisRunner will not be running.
RoslynAnalysisRunner has terminated.
Mono: successfully reloaded assembly
- Completed reload, in  0.901 seconds
Platform modules already initialized, skipping
Switching build target platform(5) subTarget(0) extendedPlatform(0) -> platform(13) subTarget(537395200) extendedPlatform(0)
Refreshing native plugins compatible for Editor in 0.23 ms, found 0 plugins.
Preloading 0 native plugins for Editor in 0.00 ms.
Unloading 1376 Unused Serialized files (Serialized files now loaded: 0)
System memory in use before: 70.8 MB.
System memory in use after: 70.2 MB.

Unloading 19 unused Assets to reduce memory usage. Loaded Objects now: 1903.
Total: 2.162200 ms (FindLiveObjects: 0.158800 ms CreateObjectMapping: 0.047900 ms MarkObjects: 1.663200 ms  DeleteObjects: 0.291500 ms)

AssetImportParameters requested are different than current active one (requested -> active):
  custom:graphics/normal-map-encoding: 01000000000000000000000000000000 -> 02000000000000000000000000000000
========================================================================
Received Prepare
Registering precompiled user dll's ...
Registered in 0.001162 seconds.
Begin MonoManager ReloadAssembly
Native extension for WindowsStandalone target not found
Refreshing native plugins compatible for Editor in 0.23 ms, found 0 plugins.
Preloading 0 native plugins for Editor in 0.00 ms.
Invoked RoslynAnalysisRunner static constructor.
RoslynAnalysisRunner will not be running.
RoslynAnalysisRunner has terminated.
Mono: successfully reloaded assembly
- Completed reload, in  0.888 seconds
Platform modules already initialized, skipping
Switching build target platform(5) subTarget(0) extendedPlatform(0) -> platform(13) subTarget(537395200) extendedPlatform(0)
Refreshing native plugins compatible for Editor in 0.23 ms, found 0 plugins.
Preloading 0 native plugins for Editor in 0.00 ms.
Unloading 1376 Unused Serialized files (Serialized files now loaded: 0)
System memory in use before: 70.8 MB.
System memory in use after: 70.2 MB.

Unloading 17 unused Assets to reduce memory usage. Loaded Objects now: 1906.
Total: 2.533800 ms (FindLiveObjects: 0.249800 ms CreateObjectMapping: 0.095700 ms MarkObjects: 1.832100 ms  DeleteObjects: 0.355300 ms)

AssetImportParameters requested are different than current active one (requested -> active):
  custom:graphics/normal-map-encoding: 01000000000000000000000000000000 -> 02000000000000000000000000000000
========================================================================
Received Prepare
Registering precompiled user dll's ...
Registered in 0.000774 seconds.
Begin MonoManager ReloadAssembly
Native extension for WindowsStandalone target not found
Refreshing native plugins compatible for Editor in 0.24 ms, found 0 plugins.
Preloading 0 native plugins for Editor in 0.00 ms.
Invoked RoslynAnalysisRunner static constructor.
RoslynAnalysisRunner will not be running.
RoslynAnalysisRunner has terminated.
Mono: successfully reloaded assembly
- Completed reload, in  0.912 seconds
Platform modules already initialized, skipping
Switching build target platform(5) subTarget(0) extendedPlatform(0) -> platform(13) subTarget(537395200) extendedPlatform(0)
Refreshing native plugins compatible for Editor in 0.25 ms, found 0 plugins.
Preloading 0 native plugins for Editor in 0.00 ms.
Unloading 1376 Unused Serialized files (Serialized files now loaded: 0)
System memory in use before: 70.9 MB.
System memory in use after: 70.3 MB.

Unloading 17 unused Assets to reduce memory usage. Loaded Objects now: 1909.
Total: 2.227300 ms (FindLiveObjects: 0.186300 ms CreateObjectMapping: 0.091200 ms MarkObjects: 1.600300 ms  DeleteObjects: 0.348300 ms)

AssetImportParameters requested are different than current active one (requested -> active):
  custom:graphics/normal-map-encoding: 01000000000000000000000000000000 -> 02000000000000000000000000000000
========================================================================
Received Prepare
Registering precompiled user dll's ...
Registered in 0.000735 seconds.
Begin MonoManager ReloadAssembly
Native extension for WindowsStandalone target not found
Refreshing native plugins compatible for Editor in 0.24 ms, found 0 plugins.
Preloading 0 native plugins for Editor in 0.00 ms.
Invoked RoslynAnalysisRunner static constructor.
RoslynAnalysisRunner will not be running.
RoslynAnalysisRunner has terminated.
Mono: successfully reloaded assembly
- Completed reload, in  0.934 seconds
Platform modules already initialized, skipping
Switching build target platform(5) subTarget(0) extendedPlatform(0) -> platform(13) subTarget(537395200) extendedPlatform(0)
Refreshing native plugins compatible for Editor in 0.22 ms, found 0 plugins.
Preloading 0 native plugins for Editor in 0.00 ms.
Unloading 1376 Unused Serialized files (Serialized files now loaded: 0)
System memory in use before: 70.9 MB.
System memory in use after: 70.3 MB.

Unloading 17 unused Assets to reduce memory usage. Loaded Objects now: 1912.
Total: 2.083100 ms (FindLiveObjects: 0.195400 ms CreateObjectMapping: 0.047400 ms MarkObjects: 1.540900 ms  DeleteObjects: 0.298600 ms)

AssetImportParameters requested are different than current active one (requested -> active):
  custom:graphics/normal-map-encoding: 01000000000000000000000000000000 -> 02000000000000000000000000000000
========================================================================
Received Prepare
Registering precompiled user dll's ...
Registered in 0.000823 seconds.
Begin MonoManager ReloadAssembly
Native extension for WindowsStandalone target not found
Refreshing native plugins compatible for Editor in 0.24 ms, found 0 plugins.
Preloading 0 native plugins for Editor in 0.00 ms.
Invoked RoslynAnalysisRunner static constructor.
RoslynAnalysisRunner will not be running.
RoslynAnalysisRunner has terminated.
Mono: successfully reloaded assembly
- Completed reload, in  0.962 seconds
Platform modules already initialized, skipping
Switching build target platform(5) subTarget(0) extendedPlatform(0) -> platform(13) subTarget(537395200) extendedPlatform(0)
Refreshing native plugins compatible for Editor in 0.26 ms, found 0 plugins.
Preloading 0 native plugins for Editor in 0.00 ms.
Unloading 1376 Unused Serialized files (Serialized files now loaded: 0)
System memory in use before: 70.9 MB.
System memory in use after: 70.3 MB.

Unloading 17 unused Assets to reduce memory usage. Loaded Objects now: 1915.
Total: 2.691200 ms (FindLiveObjects: 0.263000 ms CreateObjectMapping: 0.092100 ms MarkObjects: 2.029700 ms  DeleteObjects: 0.305300 ms)

AssetImportParameters requested are different than current active one (requested -> active):
  custom:graphics/normal-map-encoding: 01000000000000000000000000000000 -> 02000000000000000000000000000000
========================================================================
Received Prepare
Registering precompiled user dll's ...
Registered in 0.000855 seconds.
Begin MonoManager ReloadAssembly
Native extension for WindowsStandalone target not found
Refreshing native plugins compatible for Editor in 0.24 ms, found 0 plugins.
Preloading 0 native plugins for Editor in 0.00 ms.
Invoked RoslynAnalysisRunner static constructor.
RoslynAnalysisRunner will not be running.
RoslynAnalysisRunner has terminated.
Mono: successfully reloaded assembly
- Completed reload, in  0.934 seconds
Platform modules already initialized, skipping
Switching build target platform(5) subTarget(0) extendedPlatform(0) -> platform(13) subTarget(537395200) extendedPlatform(0)
Refreshing native plugins compatible for Editor in 0.23 ms, found 0 plugins.
Preloading 0 native plugins for Editor in 0.00 ms.
Unloading 1376 Unused Serialized files (Serialized files now loaded: 0)
System memory in use before: 70.9 MB.
System memory in use after: 70.3 MB.

Unloading 17 unused Assets to reduce memory usage. Loaded Objects now: 1918.
Total: 1.936700 ms (FindLiveObjects: 0.184400 ms CreateObjectMapping: 0.054600 ms MarkObjects: 1.407600 ms  DeleteObjects: 0.289200 ms)

AssetImportParameters requested are different than current active one (requested -> active):
  custom:graphics/normal-map-encoding: 01000000000000000000000000000000 -> 02000000000000000000000000000000
========================================================================
Received Prepare
Registering precompiled user dll's ...
Registered in 0.000879 seconds.
Begin MonoManager ReloadAssembly
Native extension for WindowsStandalone target not found
Refreshing native plugins compatible for Editor in 0.24 ms, found 0 plugins.
Preloading 0 native plugins for Editor in 0.00 ms.
Invoked RoslynAnalysisRunner static constructor.
RoslynAnalysisRunner will not be running.
RoslynAnalysisRunner has terminated.
Mono: successfully reloaded assembly
- Completed reload, in  0.920 seconds
Platform modules already initialized, skipping
Switching build target platform(5) subTarget(0) extendedPlatform(0) -> platform(13) subTarget(537395200) extendedPlatform(0)
Refreshing native plugins compatible for Editor in 0.26 ms, found 0 plugins.
Preloading 0 native plugins for Editor in 0.00 ms.
Unloading 1376 Unused Serialized files (Serialized files now loaded: 0)
System memory in use before: 70.9 MB.
System memory in use after: 70.3 MB.

Unloading 17 unused Assets to reduce memory usage. Loaded Objects now: 1921.
Total: 2.001600 ms (FindLiveObjects: 0.160500 ms CreateObjectMapping: 0.050700 ms MarkObjects: 1.487400 ms  DeleteObjects: 0.302000 ms)

AssetImportParameters requested are different than current active one (requested -> active):
  custom:graphics/normal-map-encoding: 01000000000000000000000000000000 -> 02000000000000000000000000000000
========================================================================
Received Prepare
Registering precompiled user dll's ...
Registered in 0.000763 seconds.
Begin MonoManager ReloadAssembly
Native extension for WindowsStandalone target not found
Refreshing native plugins compatible for Editor in 0.23 ms, found 0 plugins.
Preloading 0 native plugins for Editor in 0.00 ms.
Invoked RoslynAnalysisRunner static constructor.
RoslynAnalysisRunner will not be running.
RoslynAnalysisRunner has terminated.
Mono: successfully reloaded assembly
- Completed reload, in  0.944 seconds
Platform modules already initialized, skipping
Switching build target platform(5) subTarget(0) extendedPlatform(0) -> platform(13) subTarget(537395200) extendedPlatform(0)
Refreshing native plugins compatible for Editor in 0.24 ms, found 0 plugins.
Preloading 0 native plugins for Editor in 0.00 ms.
Unloading 1376 Unused Serialized files (Serialized files now loaded: 0)
System memory in use before: 70.9 MB.
System memory in use after: 70.3 MB.

Unloading 17 unused Assets to reduce memory usage. Loaded Objects now: 1924.
Total: 2.168200 ms (FindLiveObjects: 0.164900 ms CreateObjectMapping: 0.051600 ms MarkObjects: 1.653600 ms  DeleteObjects: 0.297300 ms)

AssetImportParameters requested are different than current active one (requested -> active):
  custom:graphics/normal-map-encoding: 01000000000000000000000000000000 -> 02000000000000000000000000000000
========================================================================
Received Prepare
Registering precompiled user dll's ...
Registered in 0.000766 seconds.
Begin MonoManager ReloadAssembly
Native extension for WindowsStandalone target not found
Refreshing native plugins compatible for Editor in 0.25 ms, found 0 plugins.
Preloading 0 native plugins for Editor in 0.00 ms.
Invoked RoslynAnalysisRunner static constructor.
RoslynAnalysisRunner will not be running.
RoslynAnalysisRunner has terminated.
Mono: successfully reloaded assembly
- Completed reload, in  0.951 seconds
Platform modules already initialized, skipping
Switching build target platform(5) subTarget(0) extendedPlatform(0) -> platform(13) subTarget(537395200) extendedPlatform(0)
Refreshing native plugins compatible for Editor in 0.24 ms, found 0 plugins.
Preloading 0 native plugins for Editor in 0.00 ms.
Unloading 1376 Unused Serialized files (Serialized files now loaded: 0)
System memory in use before: 70.9 MB.
System memory in use after: 70.3 MB.

Unloading 17 unused Assets to reduce memory usage. Loaded Objects now: 1927.
Total: 2.430900 ms (FindLiveObjects: 0.277200 ms CreateObjectMapping: 0.090100 ms MarkObjects: 1.727200 ms  DeleteObjects: 0.334900 ms)

AssetImportParameters requested are different than current active one (requested -> active):
  custom:graphics/normal-map-encoding: 01000000000000000000000000000000 -> 02000000000000000000000000000000
========================================================================
Received Prepare
Registering precompiled user dll's ...
Registered in 0.000795 seconds.
Begin MonoManager ReloadAssembly
Native extension for WindowsStandalone target not found
Refreshing native plugins compatible for Editor in 0.25 ms, found 0 plugins.
Preloading 0 native plugins for Editor in 0.00 ms.
Invoked RoslynAnalysisRunner static constructor.
RoslynAnalysisRunner will not be running.
RoslynAnalysisRunner has terminated.
Mono: successfully reloaded assembly
- Completed reload, in  0.945 seconds
Platform modules already initialized, skipping
Switching build target platform(5) subTarget(0) extendedPlatform(0) -> platform(13) subTarget(537395200) extendedPlatform(0)
Refreshing native plugins compatible for Editor in 0.23 ms, found 0 plugins.
Preloading 0 native plugins for Editor in 0.00 ms.
Unloading 1376 Unused Serialized files (Serialized files now loaded: 0)
System memory in use before: 70.9 MB.
System memory in use after: 70.3 MB.

Unloading 17 unused Assets to reduce memory usage. Loaded Objects now: 1930.
Total: 2.049800 ms (FindLiveObjects: 0.156100 ms CreateObjectMapping: 0.050900 ms MarkObjects: 1.546100 ms  DeleteObjects: 0.295600 ms)

AssetImportParameters requested are different than current active one (requested -> active):
  custom:graphics/normal-map-encoding: 01000000000000000000000000000000 -> 02000000000000000000000000000000
========================================================================
Received Prepare
Registering precompiled user dll's ...
Registered in 0.000817 seconds.
Begin MonoManager ReloadAssembly
Native extension for WindowsStandalone target not found
Refreshing native plugins compatible for Editor in 0.24 ms, found 0 plugins.
Preloading 0 native plugins for Editor in 0.00 ms.
Invoked RoslynAnalysisRunner static constructor.
RoslynAnalysisRunner will not be running.
RoslynAnalysisRunner has terminated.
Mono: successfully reloaded assembly
- Completed reload, in  0.991 seconds
Platform modules already initialized, skipping
Switching build target platform(5) subTarget(0) extendedPlatform(0) -> platform(13) subTarget(537395200) extendedPlatform(0)
Refreshing native plugins compatible for Editor in 0.23 ms, found 0 plugins.
Preloading 0 native plugins for Editor in 0.00 ms.
Unloading 1376 Unused Serialized files (Serialized files now loaded: 0)
System memory in use before: 70.9 MB.
System memory in use after: 70.3 MB.

Unloading 17 unused Assets to reduce memory usage. Loaded Objects now: 1933.
Total: 1.826400 ms (FindLiveObjects: 0.150200 ms CreateObjectMapping: 0.044700 ms MarkObjects: 1.342000 ms  DeleteObjects: 0.288400 ms)

AssetImportParameters requested are different than current active one (requested -> active):
  custom:graphics/normal-map-encoding: 01000000000000000000000000000000 -> 02000000000000000000000000000000
========================================================================
Received Prepare
Registering precompiled user dll's ...
Registered in 0.000836 seconds.
Begin MonoManager ReloadAssembly
Native extension for WindowsStandalone target not found
Refreshing native plugins compatible for Editor in 0.30 ms, found 0 plugins.
Preloading 0 native plugins for Editor in 0.00 ms.
Invoked RoslynAnalysisRunner static constructor.
RoslynAnalysisRunner will not be running.
RoslynAnalysisRunner has terminated.
Mono: successfully reloaded assembly
- Completed reload, in  1.007 seconds
Platform modules already initialized, skipping
Switching build target platform(5) subTarget(0) extendedPlatform(0) -> platform(13) subTarget(537395200) extendedPlatform(0)
Refreshing native plugins compatible for Editor in 0.24 ms, found 0 plugins.
Preloading 0 native plugins for Editor in 0.00 ms.
Unloading 1376 Unused Serialized files (Serialized files now loaded: 0)
System memory in use before: 70.9 MB.
System memory in use after: 70.3 MB.

Unloading 17 unused Assets to reduce memory usage. Loaded Objects now: 1936.
Total: 2.101100 ms (FindLiveObjects: 0.185300 ms CreateObjectMapping: 0.048500 ms MarkObjects: 1.569000 ms  DeleteObjects: 0.297300 ms)

AssetImportParameters requested are different than current active one (requested -> active):
  custom:graphics/normal-map-encoding: 01000000000000000000000000000000 -> 02000000000000000000000000000000
========================================================================
Received Prepare
Registering precompiled user dll's ...
Registered in 0.001038 seconds.
Begin MonoManager ReloadAssembly
Native extension for WindowsStandalone target not found
Refreshing native plugins compatible for Editor in 0.36 ms, found 0 plugins.
Preloading 0 native plugins for Editor in 0.00 ms.
Invoked RoslynAnalysisRunner static constructor.
RoslynAnalysisRunner will not be running.
RoslynAnalysisRunner has terminated.
Mono: successfully reloaded assembly
- Completed reload, in  1.047 seconds
Platform modules already initialized, skipping
Switching build target platform(5) subTarget(0) extendedPlatform(0) -> platform(13) subTarget(537395200) extendedPlatform(0)
Refreshing native plugins compatible for Editor in 0.25 ms, found 0 plugins.
Preloading 0 native plugins for Editor in 0.00 ms.
Unloading 1376 Unused Serialized files (Serialized files now loaded: 0)
System memory in use before: 70.9 MB.
System memory in use after: 70.3 MB.

Unloading 17 unused Assets to reduce memory usage. Loaded Objects now: 1939.
Total: 2.144400 ms (FindLiveObjects: 0.165900 ms CreateObjectMapping: 0.046800 ms MarkObjects: 1.628000 ms  DeleteObjects: 0.302700 ms)

AssetImportParameters requested are different than current active one (requested -> active):
  custom:graphics/normal-map-encoding: 01000000000000000000000000000000 -> 02000000000000000000000000000000
========================================================================
Received Prepare
Registering precompiled user dll's ...
Registered in 0.000813 seconds.
Begin MonoManager ReloadAssembly
Native extension for WindowsStandalone target not found
Refreshing native plugins compatible for Editor in 0.25 ms, found 0 plugins.
Preloading 0 native plugins for Editor in 0.00 ms.
Invoked RoslynAnalysisRunner static constructor.
RoslynAnalysisRunner will not be running.
RoslynAnalysisRunner has terminated.
Mono: successfully reloaded assembly
- Completed reload, in  1.056 seconds
Platform modules already initialized, skipping
Switching build target platform(5) subTarget(0) extendedPlatform(0) -> platform(13) subTarget(537395200) extendedPlatform(0)
Refreshing native plugins compatible for Editor in 0.24 ms, found 0 plugins.
Preloading 0 native plugins for Editor in 0.00 ms.
Unloading 1376 Unused Serialized files (Serialized files now loaded: 0)
System memory in use before: 70.9 MB.
System memory in use after: 70.3 MB.

Unloading 17 unused Assets to reduce memory usage. Loaded Objects now: 1942.
Total: 2.162700 ms (FindLiveObjects: 0.271300 ms CreateObjectMapping: 0.112000 ms MarkObjects: 1.460500 ms  DeleteObjects: 0.317900 ms)

AssetImportParameters requested are different than current active one (requested -> active):
  custom:graphics/normal-map-encoding: 01000000000000000000000000000000 -> 02000000000000000000000000000000
========================================================================
Received Prepare
Registering precompiled user dll's ...
Registered in 0.000758 seconds.
Begin MonoManager ReloadAssembly
Native extension for WindowsStandalone target not found
Refreshing native plugins compatible for Editor in 0.24 ms, found 0 plugins.
Preloading 0 native plugins for Editor in 0.00 ms.
Invoked RoslynAnalysisRunner static constructor.
RoslynAnalysisRunner will not be running.
RoslynAnalysisRunner has terminated.
Mono: successfully reloaded assembly
- Completed reload, in  0.995 seconds
Platform modules already initialized, skipping
Switching build target platform(5) subTarget(0) extendedPlatform(0) -> platform(13) subTarget(537395200) extendedPlatform(0)
Refreshing native plugins compatible for Editor in 0.22 ms, found 0 plugins.
Preloading 0 native plugins for Editor in 0.00 ms.
Unloading 1376 Unused Serialized files (Serialized files now loaded: 0)
System memory in use before: 70.9 MB.
System memory in use after: 70.3 MB.

Unloading 17 unused Assets to reduce memory usage. Loaded Objects now: 1945.
Total: 2.273400 ms (FindLiveObjects: 0.196300 ms CreateObjectMapping: 0.062700 ms MarkObjects: 1.693000 ms  DeleteObjects: 0.320100 ms)

AssetImportParameters requested are different than current active one (requested -> active):
  custom:graphics/normal-map-encoding: 01000000000000000000000000000000 -> 02000000000000000000000000000000
========================================================================
Received Prepare
Registering precompiled user dll's ...
Registered in 0.000724 seconds.
Begin MonoManager ReloadAssembly
Native extension for WindowsStandalone target not found
Refreshing native plugins compatible for Editor in 0.25 ms, found 0 plugins.
Preloading 0 native plugins for Editor in 0.00 ms.
Invoked RoslynAnalysisRunner static constructor.
RoslynAnalysisRunner will not be running.
RoslynAnalysisRunner has terminated.
Mono: successfully reloaded assembly
- Completed reload, in  1.002 seconds
Platform modules already initialized, skipping
Switching build target platform(5) subTarget(0) extendedPlatform(0) -> platform(13) subTarget(537395200) extendedPlatform(0)
Refreshing native plugins compatible for Editor in 0.25 ms, found 0 plugins.
Preloading 0 native plugins for Editor in 0.00 ms.
Unloading 1376 Unused Serialized files (Serialized files now loaded: 0)
System memory in use before: 70.9 MB.
System memory in use after: 70.3 MB.

Unloading 17 unused Assets to reduce memory usage. Loaded Objects now: 1948.
Total: 1.938400 ms (FindLiveObjects: 0.155600 ms CreateObjectMapping: 0.045300 ms MarkObjects: 1.435400 ms  DeleteObjects: 0.301100 ms)

AssetImportParameters requested are different than current active one (requested -> active):
  custom:graphics/normal-map-encoding: 01000000000000000000000000000000 -> 02000000000000000000000000000000
========================================================================
Received Prepare
Registering precompiled user dll's ...
Registered in 0.000714 seconds.
Begin MonoManager ReloadAssembly
Native extension for WindowsStandalone target not found
Refreshing native plugins compatible for Editor in 0.23 ms, found 0 plugins.
Preloading 0 native plugins for Editor in 0.00 ms.
Invoked RoslynAnalysisRunner static constructor.
RoslynAnalysisRunner will not be running.
RoslynAnalysisRunner has terminated.
Mono: successfully reloaded assembly
- Completed reload, in  0.931 seconds
Platform modules already initialized, skipping
Switching build target platform(5) subTarget(0) extendedPlatform(0) -> platform(13) subTarget(537395200) extendedPlatform(0)
Refreshing native plugins compatible for Editor in 0.23 ms, found 0 plugins.
Preloading 0 native plugins for Editor in 0.00 ms.
Unloading 1376 Unused Serialized files (Serialized files now loaded: 0)
System memory in use before: 70.9 MB.
System memory in use after: 70.3 MB.

Unloading 17 unused Assets to reduce memory usage. Loaded Objects now: 1951.
Total: 2.111600 ms (FindLiveObjects: 0.167200 ms CreateObjectMapping: 0.052900 ms MarkObjects: 1.589600 ms  DeleteObjects: 0.300900 ms)

AssetImportParameters requested are different than current active one (requested -> active):
  custom:graphics/normal-map-encoding: 01000000000000000000000000000000 -> 02000000000000000000000000000000
========================================================================
Received Prepare
Registering precompiled user dll's ...
Registered in 0.001668 seconds.
Begin MonoManager ReloadAssembly
Native extension for WindowsStandalone target not found
Refreshing native plugins compatible for Editor in 0.31 ms, found 3 plugins.
Preloading 0 native plugins for Editor in 0.00 ms.
Invoked RoslynAnalysisRunner static constructor.
RoslynAnalysisRunner will not be running.
RoslynAnalysisRunner has terminated.
Mono: successfully reloaded assembly
- Completed reload, in  0.944 seconds
Platform modules already initialized, skipping
Switching build target platform(5) subTarget(0) extendedPlatform(0) -> platform(13) subTarget(537395200) extendedPlatform(0)
Refreshing native plugins compatible for Editor in 0.30 ms, found 3 plugins.
Preloading 0 native plugins for Editor in 0.00 ms.
Unloading 1519 Unused Serialized files (Serialized files now loaded: 0)
System memory in use before: 76.2 MB.
System memory in use after: 75.5 MB.

Unloading 30 unused Assets to reduce memory usage. Loaded Objects now: 2084.
Total: 1.968900 ms (FindLiveObjects: 0.214600 ms CreateObjectMapping: 0.095300 ms MarkObjects: 1.319200 ms  DeleteObjects: 0.338500 ms)

AssetImportParameters requested are different than current active one (requested -> active):
  custom:graphics/normal-map-encoding: 01000000000000000000000000000000 -> 02000000000000000000000000000000
========================================================================
Received Prepare
Registering precompiled user dll's ...
Registered in 0.001512 seconds.
Begin MonoManager ReloadAssembly
Native extension for WindowsStandalone target not found
Refreshing native plugins compatible for Editor in 0.31 ms, found 3 plugins.
Preloading 0 native plugins for Editor in 0.00 ms.
Invoked RoslynAnalysisRunner static constructor.
RoslynAnalysisRunner will not be running.
RoslynAnalysisRunner has terminated.
Mono: successfully reloaded assembly
- Completed reload, in  0.955 seconds
Platform modules already initialized, skipping
Switching build target platform(5) subTarget(0) extendedPlatform(0) -> platform(13) subTarget(537395200) extendedPlatform(0)
Refreshing native plugins compatible for Editor in 0.32 ms, found 3 plugins.
Preloading 0 native plugins for Editor in 0.00 ms.
Unloading 1519 Unused Serialized files (Serialized files now loaded: 0)
System memory in use before: 76.2 MB.
System memory in use after: 75.5 MB.

Unloading 30 unused Assets to reduce memory usage. Loaded Objects now: 2087.
Total: 2.318000 ms (FindLiveObjects: 0.149400 ms CreateObjectMapping: 0.048600 ms MarkObjects: 1.749300 ms  DeleteObjects: 0.369800 ms)

AssetImportParameters requested are different than current active one (requested -> active):
  custom:graphics/normal-map-encoding: 01000000000000000000000000000000 -> 02000000000000000000000000000000
========================================================================
Received Prepare
Registering precompiled user dll's ...
Registered in 0.001500 seconds.
Begin MonoManager ReloadAssembly
Native extension for WindowsStandalone target not found
Refreshing native plugins compatible for Editor in 0.32 ms, found 3 plugins.
Preloading 0 native plugins for Editor in 0.00 ms.
Invoked RoslynAnalysisRunner static constructor.
RoslynAnalysisRunner will not be running.
RoslynAnalysisRunner has terminated.
Mono: successfully reloaded assembly
- Completed reload, in  1.001 seconds
Platform modules already initialized, skipping
Switching build target platform(5) subTarget(0) extendedPlatform(0) -> platform(13) subTarget(537395200) extendedPlatform(0)
Refreshing native plugins compatible for Editor in 0.31 ms, found 3 plugins.
Preloading 0 native plugins for Editor in 0.00 ms.
Unloading 1519 Unused Serialized files (Serialized files now loaded: 0)
System memory in use before: 76.2 MB.
System memory in use after: 75.5 MB.

Unloading 30 unused Assets to reduce memory usage. Loaded Objects now: 2090.
Total: 2.204500 ms (FindLiveObjects: 0.241900 ms CreateObjectMapping: 0.044100 ms MarkObjects: 1.557400 ms  DeleteObjects: 0.360300 ms)

AssetImportParameters requested are different than current active one (requested -> active):
  custom:graphics/normal-map-encoding: 01000000000000000000000000000000 -> 02000000000000000000000000000000
========================================================================
Received Prepare
Registering precompiled user dll's ...
Registered in 0.001663 seconds.
Begin MonoManager ReloadAssembly
Native extension for WindowsStandalone target not found
Refreshing native plugins compatible for Editor in 0.32 ms, found 3 plugins.
Preloading 0 native plugins for Editor in 0.00 ms.
Invoked RoslynAnalysisRunner static constructor.
RoslynAnalysisRunner will not be running.
RoslynAnalysisRunner has terminated.
Mono: successfully reloaded assembly
- Completed reload, in  0.966 seconds
Platform modules already initialized, skipping
Switching build target platform(5) subTarget(0) extendedPlatform(0) -> platform(13) subTarget(537395200) extendedPlatform(0)
Refreshing native plugins compatible for Editor in 0.31 ms, found 3 plugins.
Preloading 0 native plugins for Editor in 0.00 ms.
Unloading 1519 Unused Serialized files (Serialized files now loaded: 0)
System memory in use before: 76.3 MB.
System memory in use after: 75.5 MB.

Unloading 30 unused Assets to reduce memory usage. Loaded Objects now: 2093.
Total: 2.227000 ms (FindLiveObjects: 0.166000 ms CreateObjectMapping: 0.056400 ms MarkObjects: 1.640800 ms  DeleteObjects: 0.363200 ms)

AssetImportParameters requested are different than current active one (requested -> active):
  custom:graphics/normal-map-encoding: 01000000000000000000000000000000 -> 02000000000000000000000000000000
========================================================================
Received Prepare
Registering precompiled user dll's ...
Registered in 0.001535 seconds.
Begin MonoManager ReloadAssembly
Native extension for WindowsStandalone target not found
Refreshing native plugins compatible for Editor in 0.32 ms, found 3 plugins.
Preloading 0 native plugins for Editor in 0.00 ms.
Invoked RoslynAnalysisRunner static constructor.
RoslynAnalysisRunner will not be running.
RoslynAnalysisRunner has terminated.
Mono: successfully reloaded assembly
- Completed reload, in  0.971 seconds
Platform modules already initialized, skipping
Switching build target platform(5) subTarget(0) extendedPlatform(0) -> platform(13) subTarget(537395200) extendedPlatform(0)
Refreshing native plugins compatible for Editor in 0.32 ms, found 3 plugins.
Preloading 0 native plugins for Editor in 0.00 ms.
Unloading 1519 Unused Serialized files (Serialized files now loaded: 0)
System memory in use before: 76.3 MB.
System memory in use after: 75.5 MB.

Unloading 30 unused Assets to reduce memory usage. Loaded Objects now: 2096.
Total: 2.162500 ms (FindLiveObjects: 0.141800 ms CreateObjectMapping: 0.038900 ms MarkObjects: 1.545800 ms  DeleteObjects: 0.435300 ms)

AssetImportParameters requested are different than current active one (requested -> active):
  custom:graphics/normal-map-encoding: 01000000000000000000000000000000 -> 02000000000000000000000000000000
========================================================================
Received Prepare
Registering precompiled user dll's ...
Registered in 0.001648 seconds.
Begin MonoManager ReloadAssembly
Native extension for WindowsStandalone target not found
Refreshing native plugins compatible for Editor in 0.32 ms, found 3 plugins.
Preloading 0 native plugins for Editor in 0.00 ms.
Invoked RoslynAnalysisRunner static constructor.
RoslynAnalysisRunner will not be running.
RoslynAnalysisRunner has terminated.
Mono: successfully reloaded assembly
- Completed reload, in  1.007 seconds
Platform modules already initialized, skipping
Switching build target platform(5) subTarget(0) extendedPlatform(0) -> platform(13) subTarget(537395200) extendedPlatform(0)
Refreshing native plugins compatible for Editor in 0.32 ms, found 3 plugins.
Preloading 0 native plugins for Editor in 0.00 ms.
Unloading 1519 Unused Serialized files (Serialized files now loaded: 0)
System memory in use before: 76.3 MB.
System memory in use after: 75.5 MB.

Unloading 30 unused Assets to reduce memory usage. Loaded Objects now: 2099.
Total: 2.284100 ms (FindLiveObjects: 0.174600 ms CreateObjectMapping: 0.053800 ms MarkObjects: 1.668200 ms  DeleteObjects: 0.386800 ms)

AssetImportParameters requested are different than current active one (requested -> active):
  custom:graphics/normal-map-encoding: 01000000000000000000000000000000 -> 02000000000000000000000000000000
========================================================================
Received Prepare
Registering precompiled user dll's ...
Registered in 0.001718 seconds.
Begin MonoManager ReloadAssembly
Native extension for WindowsStandalone target not found
Refreshing native plugins compatible for Editor in 0.30 ms, found 3 plugins.
Preloading 0 native plugins for Editor in 0.00 ms.
Invoked RoslynAnalysisRunner static constructor.
RoslynAnalysisRunner will not be running.
RoslynAnalysisRunner has terminated.
Mono: successfully reloaded assembly
- Completed reload, in  0.982 seconds
Platform modules already initialized, skipping
Switching build target platform(5) subTarget(0) extendedPlatform(0) -> platform(13) subTarget(537395200) extendedPlatform(0)
Refreshing native plugins compatible for Editor in 0.31 ms, found 3 plugins.
Preloading 0 native plugins for Editor in 0.00 ms.
Unloading 1519 Unused Serialized files (Serialized files now loaded: 0)
System memory in use before: 76.3 MB.
System memory in use after: 75.5 MB.

Unloading 30 unused Assets to reduce memory usage. Loaded Objects now: 2102.
Total: 1.981800 ms (FindLiveObjects: 0.138200 ms CreateObjectMapping: 0.041000 ms MarkObjects: 1.452500 ms  DeleteObjects: 0.349200 ms)

AssetImportParameters requested are different than current active one (requested -> active):
  custom:graphics/normal-map-encoding: 01000000000000000000000000000000 -> 02000000000000000000000000000000
AssetImportWorkerClient::OnTransportError - code=2 error=End of file
